2025-07-16 14:42:23,254 [INFO] Ethical Hacking Assistant CLI started
2025-07-16 14:42:35,119 [INFO] Welcome screen and ethical disclaimer displayed
2025-07-16 14:42:35,129 [ERROR] CLI error: not well-formed (invalid token): line 1, column 30
Traceback (most recent call last):
  File "src\ui\cli_ui.py", line 488, in run
  File "src\ui\cli_ui.py", line 466, in get_prompt_text
  File "prompt_toolkit\formatted_text\html.py", line 35, in __init__
  File "xml\dom\minidom.py", line 2000, in parseString
  File "xml\dom\expatbuilder.py", line 922, in parseString
  File "xml\dom\expatbuilder.py", line 220, in parseString
xml.parsers.expat.ExpatError: not well-formed (invalid token): line 1, column 30
2025-07-16 14:42:35,768 [ERROR] CLI error: not well-formed (invalid token): line 1, column 30
Traceback (most recent call last):
  File "src\ui\cli_ui.py", line 488, in run
  File "src\ui\cli_ui.py", line 466, in get_prompt_text
  File "prompt_toolkit\formatted_text\html.py", line 35, in __init__
  File "xml\dom\minidom.py", line 2000, in parseString
  File "xml\dom\expatbuilder.py", line 922, in parseString
  File "xml\dom\expatbuilder.py", line 220, in parseString
xml.parsers.expat.ExpatError: not well-formed (invalid token): line 1, column 30
2025-07-16 14:42:36,129 [ERROR] CLI error: not well-formed (invalid token): line 1, column 30
Traceback (most recent call last):
  File "src\ui\cli_ui.py", line 488, in run
  File "src\ui\cli_ui.py", line 466, in get_prompt_text
  File "prompt_toolkit\formatted_text\html.py", line 35, in __init__
  File "xml\dom\minidom.py", line 2000, in parseString
  File "xml\dom\expatbuilder.py", line 922, in parseString
  File "xml\dom\expatbuilder.py", line 220, in parseString
xml.parsers.expat.ExpatError: not well-formed (invalid token): line 1, column 30
2025-07-16 14:42:36,463 [ERROR] CLI error: not well-formed (invalid token): line 1, column 30
Traceback (most recent call last):
  File "src\ui\cli_ui.py", line 488, in run
  File "src\ui\cli_ui.py", line 466, in get_prompt_text
  File "prompt_toolkit\formatted_text\html.py", line 35, in __init__
  File "xml\dom\minidom.py", line 2000, in parseString
  File "xml\dom\expatbuilder.py", line 922, in parseString
  File "xml\dom\expatbuilder.py", line 220, in parseString
xml.parsers.expat.ExpatError: not well-formed (invalid token): line 1, column 30
2025-07-16 14:42:36,551 [ERROR] CLI error: not well-formed (invalid token): line 1, column 30
Traceback (most recent call last):
  File "src\ui\cli_ui.py", line 488, in run
  File "src\ui\cli_ui.py", line 466, in get_prompt_text
  File "prompt_toolkit\formatted_text\html.py", line 35, in __init__
  File "xml\dom\minidom.py", line 2000, in parseString
  File "xml\dom\expatbuilder.py", line 922, in parseString
  File "xml\dom\expatbuilder.py", line 220, in parseString
xml.parsers.expat.ExpatError: not well-formed (invalid token): line 1, column 30
2025-07-16 14:42:36,624 [ERROR] CLI error: not well-formed (invalid token): line 1, column 30
Traceback (most recent call last):
  File "src\ui\cli_ui.py", line 488, in run
  File "src\ui\cli_ui.py", line 466, in get_prompt_text
  File "prompt_toolkit\formatted_text\html.py", line 35, in __init__
  File "xml\dom\minidom.py", line 2000, in parseString
  File "xml\dom\expatbuilder.py", line 922, in parseString
  File "xml\dom\expatbuilder.py", line 220, in parseString
xml.parsers.expat.ExpatError: not well-formed (invalid token): line 1, column 30
2025-07-16 14:42:36,656 [ERROR] CLI error: not well-formed (invalid token): line 1, column 30
Traceback (most recent call last):
  File "src\ui\cli_ui.py", line 488, in run
  File "src\ui\cli_ui.py", line 466, in get_prompt_text
  File "prompt_toolkit\formatted_text\html.py", line 35, in __init__
  File "xml\dom\minidom.py", line 2000, in parseString
  File "xml\dom\expatbuilder.py", line 922, in parseString
  File "xml\dom\expatbuilder.py", line 220, in parseString
xml.parsers.expat.ExpatError: not well-formed (invalid token): line 1, column 30
2025-07-16 14:42:36,680 [ERROR] CLI error: not well-formed (invalid token): line 1, column 30
Traceback (most recent call last):
  File "src\ui\cli_ui.py", line 488, in run
  File "src\ui\cli_ui.py", line 466, in get_prompt_text
  File "prompt_toolkit\formatted_text\html.py", line 35, in __init__
  File "xml\dom\minidom.py", line 2000, in parseString
  File "xml\dom\expatbuilder.py", line 922, in parseString
  File "xml\dom\expatbuilder.py", line 220, in parseString
xml.parsers.expat.ExpatError: not well-formed (invalid token): line 1, column 30
2025-07-16 14:42:36,836 [ERROR] CLI error: not well-formed (invalid token): line 1, column 30
Traceback (most recent call last):
  File "src\ui\cli_ui.py", line 488, in run
  File "src\ui\cli_ui.py", line 466, in get_prompt_text
  File "prompt_toolkit\formatted_text\html.py", line 35, in __init__
  File "xml\dom\minidom.py", line 2000, in parseString
  File "xml\dom\expatbuilder.py", line 922, in parseString
  File "xml\dom\expatbuilder.py", line 220, in parseString
xml.parsers.expat.ExpatError: not well-formed (invalid token): line 1, column 30
2025-07-16 14:42:36,860 [ERROR] CLI error: not well-formed (invalid token): line 1, column 30
Traceback (most recent call last):
  File "src\ui\cli_ui.py", line 488, in run
  File "src\ui\cli_ui.py", line 466, in get_prompt_text
  File "prompt_toolkit\formatted_text\html.py", line 35, in __init__
  File "xml\dom\minidom.py", line 2000, in parseString
  File "xml\dom\expatbuilder.py", line 922, in parseString
  File "xml\dom\expatbuilder.py", line 220, in parseString
xml.parsers.expat.ExpatError: not well-formed (invalid token): line 1, column 30
2025-07-16 14:42:36,982 [ERROR] CLI error: not well-formed (invalid token): line 1, column 30
Traceback (most recent call last):
  File "src\ui\cli_ui.py", line 488, in run
  File "src\ui\cli_ui.py", line 466, in get_prompt_text
  File "prompt_toolkit\formatted_text\html.py", line 35, in __init__
  File "xml\dom\minidom.py", line 2000, in parseString
  File "xml\dom\expatbuilder.py", line 922, in parseString
  File "xml\dom\expatbuilder.py", line 220, in parseString
xml.parsers.expat.ExpatError: not well-formed (invalid token): line 1, column 30
2025-07-16 14:42:37,241 [ERROR] CLI error: not well-formed (invalid token): line 1, column 30
Traceback (most recent call last):
  File "src\ui\cli_ui.py", line 488, in run
  File "src\ui\cli_ui.py", line 466, in get_prompt_text
  File "prompt_toolkit\formatted_text\html.py", line 35, in __init__
  File "xml\dom\minidom.py", line 2000, in parseString
  File "xml\dom\expatbuilder.py", line 922, in parseString
  File "xml\dom\expatbuilder.py", line 220, in parseString
xml.parsers.expat.ExpatError: not well-formed (invalid token): line 1, column 30
2025-07-16 14:42:37,438 [ERROR] CLI error: not well-formed (invalid token): line 1, column 30
Traceback (most recent call last):
  File "src\ui\cli_ui.py", line 488, in run
  File "src\ui\cli_ui.py", line 466, in get_prompt_text
  File "prompt_toolkit\formatted_text\html.py", line 35, in __init__
  File "xml\dom\minidom.py", line 2000, in parseString
  File "xml\dom\expatbuilder.py", line 922, in parseString
  File "xml\dom\expatbuilder.py", line 220, in parseString
xml.parsers.expat.ExpatError: not well-formed (invalid token): line 1, column 30
2025-07-16 14:42:38,022 [ERROR] CLI error: not well-formed (invalid token): line 1, column 30
Traceback (most recent call last):
  File "src\ui\cli_ui.py", line 488, in run
  File "src\ui\cli_ui.py", line 466, in get_prompt_text
  File "prompt_toolkit\formatted_text\html.py", line 35, in __init__
  File "xml\dom\minidom.py", line 2000, in parseString
  File "xml\dom\expatbuilder.py", line 922, in parseString
  File "xml\dom\expatbuilder.py", line 220, in parseString
xml.parsers.expat.ExpatError: not well-formed (invalid token): line 1, column 30
2025-07-16 14:42:38,030 [ERROR] CLI error: not well-formed (invalid token): line 1, column 30
Traceback (most recent call last):
  File "src\ui\cli_ui.py", line 488, in run
  File "src\ui\cli_ui.py", line 466, in get_prompt_text
  File "prompt_toolkit\formatted_text\html.py", line 35, in __init__
  File "xml\dom\minidom.py", line 2000, in parseString
  File "xml\dom\expatbuilder.py", line 922, in parseString
  File "xml\dom\expatbuilder.py", line 220, in parseString
xml.parsers.expat.ExpatError: not well-formed (invalid token): line 1, column 30
2025-07-16 14:42:38,040 [ERROR] CLI error: not well-formed (invalid token): line 1, column 30
Traceback (most recent call last):
  File "src\ui\cli_ui.py", line 488, in run
  File "src\ui\cli_ui.py", line 466, in get_prompt_text
  File "prompt_toolkit\formatted_text\html.py", line 35, in __init__
  File "xml\dom\minidom.py", line 2000, in parseString
  File "xml\dom\expatbuilder.py", line 922, in parseString
  File "xml\dom\expatbuilder.py", line 220, in parseString
xml.parsers.expat.ExpatError: not well-formed (invalid token): line 1, column 30
2025-07-16 14:42:38,059 [ERROR] CLI error: not well-formed (invalid token): line 1, column 30
Traceback (most recent call last):
  File "src\ui\cli_ui.py", line 488, in run
  File "src\ui\cli_ui.py", line 466, in get_prompt_text
  File "prompt_toolkit\formatted_text\html.py", line 35, in __init__
  File "xml\dom\minidom.py", line 2000, in parseString
  File "xml\dom\expatbuilder.py", line 922, in parseString
  File "xml\dom\expatbuilder.py", line 220, in parseString
xml.parsers.expat.ExpatError: not well-formed (invalid token): line 1, column 30
2025-07-16 14:42:38,065 [ERROR] CLI error: not well-formed (invalid token): line 1, column 30
Traceback (most recent call last):
  File "src\ui\cli_ui.py", line 488, in run
  File "src\ui\cli_ui.py", line 466, in get_prompt_text
  File "prompt_toolkit\formatted_text\html.py", line 35, in __init__
  File "xml\dom\minidom.py", line 2000, in parseString
  File "xml\dom\expatbuilder.py", line 922, in parseString
  File "xml\dom\expatbuilder.py", line 220, in parseString
xml.parsers.expat.ExpatError: not well-formed (invalid token): line 1, column 30
2025-07-16 14:42:38,431 [ERROR] CLI error: not well-formed (invalid token): line 1, column 30
Traceback (most recent call last):
  File "src\ui\cli_ui.py", line 488, in run
  File "src\ui\cli_ui.py", line 466, in get_prompt_text
  File "prompt_toolkit\formatted_text\html.py", line 35, in __init__
  File "xml\dom\minidom.py", line 2000, in parseString
  File "xml\dom\expatbuilder.py", line 922, in parseString
  File "xml\dom\expatbuilder.py", line 220, in parseString
xml.parsers.expat.ExpatError: not well-formed (invalid token): line 1, column 30
2025-07-16 14:42:38,512 [ERROR] CLI error: not well-formed (invalid token): line 1, column 30
Traceback (most recent call last):
  File "src\ui\cli_ui.py", line 488, in run
  File "src\ui\cli_ui.py", line 466, in get_prompt_text
  File "prompt_toolkit\formatted_text\html.py", line 35, in __init__
  File "xml\dom\minidom.py", line 2000, in parseString
  File "xml\dom\expatbuilder.py", line 922, in parseString
  File "xml\dom\expatbuilder.py", line 220, in parseString
xml.parsers.expat.ExpatError: not well-formed (invalid token): line 1, column 30
2025-07-16 14:42:38,746 [ERROR] CLI error: not well-formed (invalid token): line 1, column 30
Traceback (most recent call last):
  File "src\ui\cli_ui.py", line 488, in run
  File "src\ui\cli_ui.py", line 466, in get_prompt_text
  File "prompt_toolkit\formatted_text\html.py", line 35, in __init__
  File "xml\dom\minidom.py", line 2000, in parseString
  File "xml\dom\expatbuilder.py", line 922, in parseString
  File "xml\dom\expatbuilder.py", line 220, in parseString
xml.parsers.expat.ExpatError: not well-formed (invalid token): line 1, column 30
2025-07-16 14:42:39,270 [ERROR] CLI error: not well-formed (invalid token): line 1, column 30
Traceback (most recent call last):
  File "src\ui\cli_ui.py", line 488, in run
  File "src\ui\cli_ui.py", line 466, in get_prompt_text
  File "prompt_toolkit\formatted_text\html.py", line 35, in __init__
  File "xml\dom\minidom.py", line 2000, in parseString
  File "xml\dom\expatbuilder.py", line 922, in parseString
  File "xml\dom\expatbuilder.py", line 220, in parseString
xml.parsers.expat.ExpatError: not well-formed (invalid token): line 1, column 30
2025-07-16 14:42:39,294 [ERROR] CLI error: not well-formed (invalid token): line 1, column 30
Traceback (most recent call last):
  File "src\ui\cli_ui.py", line 488, in run
  File "src\ui\cli_ui.py", line 466, in get_prompt_text
  File "prompt_toolkit\formatted_text\html.py", line 35, in __init__
  File "xml\dom\minidom.py", line 2000, in parseString
  File "xml\dom\expatbuilder.py", line 922, in parseString
  File "xml\dom\expatbuilder.py", line 220, in parseString
xml.parsers.expat.ExpatError: not well-formed (invalid token): line 1, column 30
2025-07-16 14:42:39,302 [ERROR] CLI error: not well-formed (invalid token): line 1, column 30
Traceback (most recent call last):
  File "src\ui\cli_ui.py", line 488, in run
  File "src\ui\cli_ui.py", line 466, in get_prompt_text
  File "prompt_toolkit\formatted_text\html.py", line 35, in __init__
  File "xml\dom\minidom.py", line 2000, in parseString
  File "xml\dom\expatbuilder.py", line 922, in parseString
  File "xml\dom\expatbuilder.py", line 220, in parseString
xml.parsers.expat.ExpatError: not well-formed (invalid token): line 1, column 30
2025-07-16 14:42:39,442 [ERROR] CLI error: not well-formed (invalid token): line 1, column 30
Traceback (most recent call last):
  File "src\ui\cli_ui.py", line 488, in run
  File "src\ui\cli_ui.py", line 466, in get_prompt_text
  File "prompt_toolkit\formatted_text\html.py", line 35, in __init__
  File "xml\dom\minidom.py", line 2000, in parseString
  File "xml\dom\expatbuilder.py", line 922, in parseString
  File "xml\dom\expatbuilder.py", line 220, in parseString
xml.parsers.expat.ExpatError: not well-formed (invalid token): line 1, column 30
2025-07-16 14:42:39,647 [ERROR] CLI error: not well-formed (invalid token): line 1, column 30
Traceback (most recent call last):
  File "src\ui\cli_ui.py", line 488, in run
  File "src\ui\cli_ui.py", line 466, in get_prompt_text
  File "prompt_toolkit\formatted_text\html.py", line 35, in __init__
  File "xml\dom\minidom.py", line 2000, in parseString
  File "xml\dom\expatbuilder.py", line 922, in parseString
  File "xml\dom\expatbuilder.py", line 220, in parseString
xml.parsers.expat.ExpatError: not well-formed (invalid token): line 1, column 30
2025-07-16 14:42:39,730 [ERROR] CLI error: not well-formed (invalid token): line 1, column 30
Traceback (most recent call last):
  File "src\ui\cli_ui.py", line 488, in run
  File "src\ui\cli_ui.py", line 466, in get_prompt_text
  File "prompt_toolkit\formatted_text\html.py", line 35, in __init__
  File "xml\dom\minidom.py", line 2000, in parseString
  File "xml\dom\expatbuilder.py", line 922, in parseString
  File "xml\dom\expatbuilder.py", line 220, in parseString
xml.parsers.expat.ExpatError: not well-formed (invalid token): line 1, column 30
2025-07-16 14:42:39,779 [ERROR] CLI error: not well-formed (invalid token): line 1, column 30
Traceback (most recent call last):
  File "src\ui\cli_ui.py", line 488, in run
  File "src\ui\cli_ui.py", line 466, in get_prompt_text
  File "prompt_toolkit\formatted_text\html.py", line 35, in __init__
  File "xml\dom\minidom.py", line 2000, in parseString
  File "xml\dom\expatbuilder.py", line 922, in parseString
  File "xml\dom\expatbuilder.py", line 220, in parseString
xml.parsers.expat.ExpatError: not well-formed (invalid token): line 1, column 30
2025-07-16 14:42:39,912 [ERROR] CLI error: not well-formed (invalid token): line 1, column 30
Traceback (most recent call last):
  File "src\ui\cli_ui.py", line 488, in run
  File "src\ui\cli_ui.py", line 466, in get_prompt_text
  File "prompt_toolkit\formatted_text\html.py", line 35, in __init__
  File "xml\dom\minidom.py", line 2000, in parseString
  File "xml\dom\expatbuilder.py", line 922, in parseString
  File "xml\dom\expatbuilder.py", line 220, in parseString
xml.parsers.expat.ExpatError: not well-formed (invalid token): line 1, column 30
2025-07-16 14:42:40,106 [ERROR] CLI error: not well-formed (invalid token): line 1, column 30
Traceback (most recent call last):
  File "src\ui\cli_ui.py", line 488, in run
  File "src\ui\cli_ui.py", line 466, in get_prompt_text
  File "prompt_toolkit\formatted_text\html.py", line 35, in __init__
  File "xml\dom\minidom.py", line 2000, in parseString
  File "xml\dom\expatbuilder.py", line 922, in parseString
  File "xml\dom\expatbuilder.py", line 220, in parseString
xml.parsers.expat.ExpatError: not well-formed (invalid token): line 1, column 30
2025-07-16 14:42:40,277 [ERROR] CLI error: not well-formed (invalid token): line 1, column 30
Traceback (most recent call last):
  File "src\ui\cli_ui.py", line 488, in run
  File "src\ui\cli_ui.py", line 466, in get_prompt_text
  File "prompt_toolkit\formatted_text\html.py", line 35, in __init__
  File "xml\dom\minidom.py", line 2000, in parseString
  File "xml\dom\expatbuilder.py", line 922, in parseString
  File "xml\dom\expatbuilder.py", line 220, in parseString
xml.parsers.expat.ExpatError: not well-formed (invalid token): line 1, column 30
2025-07-16 14:42:40,424 [ERROR] CLI error: not well-formed (invalid token): line 1, column 30
Traceback (most recent call last):
  File "src\ui\cli_ui.py", line 488, in run
  File "src\ui\cli_ui.py", line 466, in get_prompt_text
  File "prompt_toolkit\formatted_text\html.py", line 35, in __init__
  File "xml\dom\minidom.py", line 2000, in parseString
  File "xml\dom\expatbuilder.py", line 922, in parseString
  File "xml\dom\expatbuilder.py", line 220, in parseString
xml.parsers.expat.ExpatError: not well-formed (invalid token): line 1, column 30
2025-07-16 14:42:40,504 [ERROR] CLI error: not well-formed (invalid token): line 1, column 30
Traceback (most recent call last):
  File "src\ui\cli_ui.py", line 488, in run
  File "src\ui\cli_ui.py", line 466, in get_prompt_text
  File "prompt_toolkit\formatted_text\html.py", line 35, in __init__
  File "xml\dom\minidom.py", line 2000, in parseString
  File "xml\dom\expatbuilder.py", line 922, in parseString
  File "xml\dom\expatbuilder.py", line 220, in parseString
xml.parsers.expat.ExpatError: not well-formed (invalid token): line 1, column 30
2025-07-16 14:42:40,725 [ERROR] CLI error: not well-formed (invalid token): line 1, column 30
Traceback (most recent call last):
  File "src\ui\cli_ui.py", line 488, in run
  File "src\ui\cli_ui.py", line 466, in get_prompt_text
  File "prompt_toolkit\formatted_text\html.py", line 35, in __init__
  File "xml\dom\minidom.py", line 2000, in parseString
  File "xml\dom\expatbuilder.py", line 922, in parseString
  File "xml\dom\expatbuilder.py", line 220, in parseString
xml.parsers.expat.ExpatError: not well-formed (invalid token): line 1, column 30
2025-07-16 14:42:40,758 [ERROR] CLI error: not well-formed (invalid token): line 1, column 30
Traceback (most recent call last):
  File "src\ui\cli_ui.py", line 488, in run
  File "src\ui\cli_ui.py", line 466, in get_prompt_text
  File "prompt_toolkit\formatted_text\html.py", line 35, in __init__
  File "xml\dom\minidom.py", line 2000, in parseString
  File "xml\dom\expatbuilder.py", line 922, in parseString
  File "xml\dom\expatbuilder.py", line 220, in parseString
xml.parsers.expat.ExpatError: not well-formed (invalid token): line 1, column 30
2025-07-16 14:42:41,129 [ERROR] CLI error: not well-formed (invalid token): line 1, column 30
Traceback (most recent call last):
  File "src\ui\cli_ui.py", line 488, in run
  File "src\ui\cli_ui.py", line 466, in get_prompt_text
  File "prompt_toolkit\formatted_text\html.py", line 35, in __init__
  File "xml\dom\minidom.py", line 2000, in parseString
  File "xml\dom\expatbuilder.py", line 922, in parseString
  File "xml\dom\expatbuilder.py", line 220, in parseString
xml.parsers.expat.ExpatError: not well-formed (invalid token): line 1, column 30
2025-07-16 14:42:41,388 [ERROR] CLI error: not well-formed (invalid token): line 1, column 30
Traceback (most recent call last):
  File "src\ui\cli_ui.py", line 488, in run
  File "src\ui\cli_ui.py", line 466, in get_prompt_text
  File "prompt_toolkit\formatted_text\html.py", line 35, in __init__
  File "xml\dom\minidom.py", line 2000, in parseString
  File "xml\dom\expatbuilder.py", line 922, in parseString
  File "xml\dom\expatbuilder.py", line 220, in parseString
xml.parsers.expat.ExpatError: not well-formed (invalid token): line 1, column 30
2025-07-16 14:42:41,465 [ERROR] CLI error: not well-formed (invalid token): line 1, column 30
Traceback (most recent call last):
  File "src\ui\cli_ui.py", line 488, in run
  File "src\ui\cli_ui.py", line 466, in get_prompt_text
  File "prompt_toolkit\formatted_text\html.py", line 35, in __init__
  File "xml\dom\minidom.py", line 2000, in parseString
  File "xml\dom\expatbuilder.py", line 922, in parseString
  File "xml\dom\expatbuilder.py", line 220, in parseString
xml.parsers.expat.ExpatError: not well-formed (invalid token): line 1, column 30
2025-07-16 14:42:41,500 [ERROR] CLI error: not well-formed (invalid token): line 1, column 30
Traceback (most recent call last):
  File "src\ui\cli_ui.py", line 488, in run
  File "src\ui\cli_ui.py", line 466, in get_prompt_text
  File "prompt_toolkit\formatted_text\html.py", line 35, in __init__
  File "xml\dom\minidom.py", line 2000, in parseString
  File "xml\dom\expatbuilder.py", line 922, in parseString
  File "xml\dom\expatbuilder.py", line 220, in parseString
xml.parsers.expat.ExpatError: not well-formed (invalid token): line 1, column 30
2025-07-16 14:42:41,768 [ERROR] CLI error: not well-formed (invalid token): line 1, column 30
Traceback (most recent call last):
  File "src\ui\cli_ui.py", line 488, in run
  File "src\ui\cli_ui.py", line 466, in get_prompt_text
  File "prompt_toolkit\formatted_text\html.py", line 35, in __init__
  File "xml\dom\minidom.py", line 2000, in parseString
  File "xml\dom\expatbuilder.py", line 922, in parseString
  File "xml\dom\expatbuilder.py", line 220, in parseString
xml.parsers.expat.ExpatError: not well-formed (invalid token): line 1, column 30
2025-07-16 14:42:41,960 [ERROR] CLI error: not well-formed (invalid token): line 1, column 30
Traceback (most recent call last):
  File "src\ui\cli_ui.py", line 488, in run
  File "src\ui\cli_ui.py", line 466, in get_prompt_text
  File "prompt_toolkit\formatted_text\html.py", line 35, in __init__
  File "xml\dom\minidom.py", line 2000, in parseString
  File "xml\dom\expatbuilder.py", line 922, in parseString
  File "xml\dom\expatbuilder.py", line 220, in parseString
xml.parsers.expat.ExpatError: not well-formed (invalid token): line 1, column 30
2025-07-16 14:42:42,074 [ERROR] CLI error: not well-formed (invalid token): line 1, column 30
Traceback (most recent call last):
  File "src\ui\cli_ui.py", line 488, in run
  File "src\ui\cli_ui.py", line 466, in get_prompt_text
  File "prompt_toolkit\formatted_text\html.py", line 35, in __init__
  File "xml\dom\minidom.py", line 2000, in parseString
  File "xml\dom\expatbuilder.py", line 922, in parseString
  File "xml\dom\expatbuilder.py", line 220, in parseString
xml.parsers.expat.ExpatError: not well-formed (invalid token): line 1, column 30
2025-07-16 14:42:42,091 [ERROR] CLI error: not well-formed (invalid token): line 1, column 30
Traceback (most recent call last):
  File "src\ui\cli_ui.py", line 488, in run
  File "src\ui\cli_ui.py", line 466, in get_prompt_text
  File "prompt_toolkit\formatted_text\html.py", line 35, in __init__
  File "xml\dom\minidom.py", line 2000, in parseString
  File "xml\dom\expatbuilder.py", line 922, in parseString
  File "xml\dom\expatbuilder.py", line 220, in parseString
xml.parsers.expat.ExpatError: not well-formed (invalid token): line 1, column 30
2025-07-16 14:42:42,122 [ERROR] CLI error: not well-formed (invalid token): line 1, column 30
Traceback (most recent call last):
  File "src\ui\cli_ui.py", line 488, in run
  File "src\ui\cli_ui.py", line 466, in get_prompt_text
  File "prompt_toolkit\formatted_text\html.py", line 35, in __init__
  File "xml\dom\minidom.py", line 2000, in parseString
  File "xml\dom\expatbuilder.py", line 922, in parseString
  File "xml\dom\expatbuilder.py", line 220, in parseString
xml.parsers.expat.ExpatError: not well-formed (invalid token): line 1, column 30
2025-07-16 14:42:42,161 [ERROR] CLI error: not well-formed (invalid token): line 1, column 30
Traceback (most recent call last):
  File "src\ui\cli_ui.py", line 488, in run
  File "src\ui\cli_ui.py", line 466, in get_prompt_text
  File "prompt_toolkit\formatted_text\html.py", line 35, in __init__
  File "xml\dom\minidom.py", line 2000, in parseString
  File "xml\dom\expatbuilder.py", line 922, in parseString
  File "xml\dom\expatbuilder.py", line 220, in parseString
xml.parsers.expat.ExpatError: not well-formed (invalid token): line 1, column 30
2025-07-16 14:42:42,420 [ERROR] CLI error: not well-formed (invalid token): line 1, column 30
Traceback (most recent call last):
  File "src\ui\cli_ui.py", line 488, in run
  File "src\ui\cli_ui.py", line 466, in get_prompt_text
  File "prompt_toolkit\formatted_text\html.py", line 35, in __init__
  File "xml\dom\minidom.py", line 2000, in parseString
  File "xml\dom\expatbuilder.py", line 922, in parseString
  File "xml\dom\expatbuilder.py", line 220, in parseString
xml.parsers.expat.ExpatError: not well-formed (invalid token): line 1, column 30
2025-07-16 14:42:42,459 [ERROR] CLI error: not well-formed (invalid token): line 1, column 30
Traceback (most recent call last):
  File "src\ui\cli_ui.py", line 488, in run
  File "src\ui\cli_ui.py", line 466, in get_prompt_text
  File "prompt_toolkit\formatted_text\html.py", line 35, in __init__
  File "xml\dom\minidom.py", line 2000, in parseString
  File "xml\dom\expatbuilder.py", line 922, in parseString
  File "xml\dom\expatbuilder.py", line 220, in parseString
xml.parsers.expat.ExpatError: not well-formed (invalid token): line 1, column 30
2025-07-16 14:42:42,497 [ERROR] CLI error: not well-formed (invalid token): line 1, column 30
Traceback (most recent call last):
  File "src\ui\cli_ui.py", line 488, in run
  File "src\ui\cli_ui.py", line 466, in get_prompt_text
  File "prompt_toolkit\formatted_text\html.py", line 35, in __init__
  File "xml\dom\minidom.py", line 2000, in parseString
  File "xml\dom\expatbuilder.py", line 922, in parseString
  File "xml\dom\expatbuilder.py", line 220, in parseString
xml.parsers.expat.ExpatError: not well-formed (invalid token): line 1, column 30
2025-07-16 14:42:42,720 [ERROR] CLI error: not well-formed (invalid token): line 1, column 30
Traceback (most recent call last):
  File "src\ui\cli_ui.py", line 488, in run
  File "src\ui\cli_ui.py", line 466, in get_prompt_text
  File "prompt_toolkit\formatted_text\html.py", line 35, in __init__
  File "xml\dom\minidom.py", line 2000, in parseString
  File "xml\dom\expatbuilder.py", line 922, in parseString
  File "xml\dom\expatbuilder.py", line 220, in parseString
xml.parsers.expat.ExpatError: not well-formed (invalid token): line 1, column 30
2025-07-16 14:42:43,078 [ERROR] CLI error: not well-formed (invalid token): line 1, column 30
Traceback (most recent call last):
  File "src\ui\cli_ui.py", line 488, in run
  File "src\ui\cli_ui.py", line 466, in get_prompt_text
  File "prompt_toolkit\formatted_text\html.py", line 35, in __init__
  File "xml\dom\minidom.py", line 2000, in parseString
  File "xml\dom\expatbuilder.py", line 922, in parseString
  File "xml\dom\expatbuilder.py", line 220, in parseString
xml.parsers.expat.ExpatError: not well-formed (invalid token): line 1, column 30
2025-07-16 14:42:43,246 [ERROR] CLI error: not well-formed (invalid token): line 1, column 30
Traceback (most recent call last):
  File "src\ui\cli_ui.py", line 488, in run
  File "src\ui\cli_ui.py", line 466, in get_prompt_text
  File "prompt_toolkit\formatted_text\html.py", line 35, in __init__
  File "xml\dom\minidom.py", line 2000, in parseString
  File "xml\dom\expatbuilder.py", line 922, in parseString
  File "xml\dom\expatbuilder.py", line 220, in parseString
xml.parsers.expat.ExpatError: not well-formed (invalid token): line 1, column 30
2025-07-16 14:42:43,596 [ERROR] CLI error: not well-formed (invalid token): line 1, column 30
Traceback (most recent call last):
  File "src\ui\cli_ui.py", line 488, in run
  File "src\ui\cli_ui.py", line 466, in get_prompt_text
  File "prompt_toolkit\formatted_text\html.py", line 35, in __init__
  File "xml\dom\minidom.py", line 2000, in parseString
  File "xml\dom\expatbuilder.py", line 922, in parseString
  File "xml\dom\expatbuilder.py", line 220, in parseString
xml.parsers.expat.ExpatError: not well-formed (invalid token): line 1, column 30
2025-07-16 14:42:43,670 [ERROR] CLI error: not well-formed (invalid token): line 1, column 30
Traceback (most recent call last):
  File "src\ui\cli_ui.py", line 488, in run
  File "src\ui\cli_ui.py", line 466, in get_prompt_text
  File "prompt_toolkit\formatted_text\html.py", line 35, in __init__
  File "xml\dom\minidom.py", line 2000, in parseString
  File "xml\dom\expatbuilder.py", line 922, in parseString
  File "xml\dom\expatbuilder.py", line 220, in parseString
xml.parsers.expat.ExpatError: not well-formed (invalid token): line 1, column 30
2025-07-16 14:42:43,882 [ERROR] CLI error: not well-formed (invalid token): line 1, column 30
Traceback (most recent call last):
  File "src\ui\cli_ui.py", line 488, in run
  File "src\ui\cli_ui.py", line 466, in get_prompt_text
  File "prompt_toolkit\formatted_text\html.py", line 35, in __init__
  File "xml\dom\minidom.py", line 2000, in parseString
  File "xml\dom\expatbuilder.py", line 922, in parseString
  File "xml\dom\expatbuilder.py", line 220, in parseString
xml.parsers.expat.ExpatError: not well-formed (invalid token): line 1, column 30
2025-07-16 14:42:44,129 [ERROR] CLI error: not well-formed (invalid token): line 1, column 30
Traceback (most recent call last):
  File "src\ui\cli_ui.py", line 488, in run
  File "src\ui\cli_ui.py", line 466, in get_prompt_text
  File "prompt_toolkit\formatted_text\html.py", line 35, in __init__
  File "xml\dom\minidom.py", line 2000, in parseString
  File "xml\dom\expatbuilder.py", line 922, in parseString
  File "xml\dom\expatbuilder.py", line 220, in parseString
xml.parsers.expat.ExpatError: not well-formed (invalid token): line 1, column 30
2025-07-16 14:42:44,228 [ERROR] CLI error: not well-formed (invalid token): line 1, column 30
Traceback (most recent call last):
  File "src\ui\cli_ui.py", line 488, in run
  File "src\ui\cli_ui.py", line 466, in get_prompt_text
  File "prompt_toolkit\formatted_text\html.py", line 35, in __init__
  File "xml\dom\minidom.py", line 2000, in parseString
  File "xml\dom\expatbuilder.py", line 922, in parseString
  File "xml\dom\expatbuilder.py", line 220, in parseString
xml.parsers.expat.ExpatError: not well-formed (invalid token): line 1, column 30
2025-07-16 14:42:44,245 [ERROR] CLI error: not well-formed (invalid token): line 1, column 30
Traceback (most recent call last):
  File "src\ui\cli_ui.py", line 488, in run
  File "src\ui\cli_ui.py", line 466, in get_prompt_text
  File "prompt_toolkit\formatted_text\html.py", line 35, in __init__
  File "xml\dom\minidom.py", line 2000, in parseString
  File "xml\dom\expatbuilder.py", line 922, in parseString
  File "xml\dom\expatbuilder.py", line 220, in parseString
xml.parsers.expat.ExpatError: not well-formed (invalid token): line 1, column 30
2025-07-16 14:42:44,362 [ERROR] CLI error: not well-formed (invalid token): line 1, column 30
Traceback (most recent call last):
  File "src\ui\cli_ui.py", line 488, in run
  File "src\ui\cli_ui.py", line 466, in get_prompt_text
  File "prompt_toolkit\formatted_text\html.py", line 35, in __init__
  File "xml\dom\minidom.py", line 2000, in parseString
  File "xml\dom\expatbuilder.py", line 922, in parseString
  File "xml\dom\expatbuilder.py", line 220, in parseString
xml.parsers.expat.ExpatError: not well-formed (invalid token): line 1, column 30
2025-07-16 14:42:44,402 [ERROR] CLI error: not well-formed (invalid token): line 1, column 30
Traceback (most recent call last):
  File "src\ui\cli_ui.py", line 488, in run
  File "src\ui\cli_ui.py", line 466, in get_prompt_text
  File "prompt_toolkit\formatted_text\html.py", line 35, in __init__
  File "xml\dom\minidom.py", line 2000, in parseString
  File "xml\dom\expatbuilder.py", line 922, in parseString
  File "xml\dom\expatbuilder.py", line 220, in parseString
xml.parsers.expat.ExpatError: not well-formed (invalid token): line 1, column 30
2025-07-16 14:42:44,557 [ERROR] CLI error: not well-formed (invalid token): line 1, column 30
Traceback (most recent call last):
  File "src\ui\cli_ui.py", line 488, in run
  File "src\ui\cli_ui.py", line 466, in get_prompt_text
  File "prompt_toolkit\formatted_text\html.py", line 35, in __init__
  File "xml\dom\minidom.py", line 2000, in parseString
  File "xml\dom\expatbuilder.py", line 922, in parseString
  File "xml\dom\expatbuilder.py", line 220, in parseString
xml.parsers.expat.ExpatError: not well-formed (invalid token): line 1, column 30
2025-07-16 14:42:44,578 [ERROR] CLI error: not well-formed (invalid token): line 1, column 30
Traceback (most recent call last):
  File "src\ui\cli_ui.py", line 488, in run
  File "src\ui\cli_ui.py", line 466, in get_prompt_text
  File "prompt_toolkit\formatted_text\html.py", line 35, in __init__
  File "xml\dom\minidom.py", line 2000, in parseString
  File "xml\dom\expatbuilder.py", line 922, in parseString
  File "xml\dom\expatbuilder.py", line 220, in parseString
xml.parsers.expat.ExpatError: not well-formed (invalid token): line 1, column 30
2025-07-16 14:42:44,623 [ERROR] CLI error: not well-formed (invalid token): line 1, column 30
Traceback (most recent call last):
  File "src\ui\cli_ui.py", line 488, in run
  File "src\ui\cli_ui.py", line 466, in get_prompt_text
  File "prompt_toolkit\formatted_text\html.py", line 35, in __init__
  File "xml\dom\minidom.py", line 2000, in parseString
  File "xml\dom\expatbuilder.py", line 922, in parseString
  File "xml\dom\expatbuilder.py", line 220, in parseString
xml.parsers.expat.ExpatError: not well-formed (invalid token): line 1, column 30
2025-07-16 14:42:44,661 [ERROR] CLI error: not well-formed (invalid token): line 1, column 30
Traceback (most recent call last):
  File "src\ui\cli_ui.py", line 488, in run
  File "src\ui\cli_ui.py", line 466, in get_prompt_text
  File "prompt_toolkit\formatted_text\html.py", line 35, in __init__
  File "xml\dom\minidom.py", line 2000, in parseString
  File "xml\dom\expatbuilder.py", line 922, in parseString
  File "xml\dom\expatbuilder.py", line 220, in parseString
xml.parsers.expat.ExpatError: not well-formed (invalid token): line 1, column 30
2025-07-16 14:42:44,709 [ERROR] CLI error: not well-formed (invalid token): line 1, column 30
Traceback (most recent call last):
  File "src\ui\cli_ui.py", line 488, in run
  File "src\ui\cli_ui.py", line 466, in get_prompt_text
  File "prompt_toolkit\formatted_text\html.py", line 35, in __init__
  File "xml\dom\minidom.py", line 2000, in parseString
  File "xml\dom\expatbuilder.py", line 922, in parseString
  File "xml\dom\expatbuilder.py", line 220, in parseString
xml.parsers.expat.ExpatError: not well-formed (invalid token): line 1, column 30
2025-07-16 14:42:44,726 [ERROR] CLI error: not well-formed (invalid token): line 1, column 30
Traceback (most recent call last):
  File "src\ui\cli_ui.py", line 488, in run
  File "src\ui\cli_ui.py", line 466, in get_prompt_text
  File "prompt_toolkit\formatted_text\html.py", line 35, in __init__
  File "xml\dom\minidom.py", line 2000, in parseString
  File "xml\dom\expatbuilder.py", line 922, in parseString
  File "xml\dom\expatbuilder.py", line 220, in parseString
xml.parsers.expat.ExpatError: not well-formed (invalid token): line 1, column 30
2025-07-16 14:42:44,753 [ERROR] CLI error: not well-formed (invalid token): line 1, column 30
Traceback (most recent call last):
  File "src\ui\cli_ui.py", line 488, in run
  File "src\ui\cli_ui.py", line 466, in get_prompt_text
  File "prompt_toolkit\formatted_text\html.py", line 35, in __init__
  File "xml\dom\minidom.py", line 2000, in parseString
  File "xml\dom\expatbuilder.py", line 922, in parseString
  File "xml\dom\expatbuilder.py", line 220, in parseString
xml.parsers.expat.ExpatError: not well-formed (invalid token): line 1, column 30
2025-07-16 14:42:44,812 [ERROR] CLI error: not well-formed (invalid token): line 1, column 30
Traceback (most recent call last):
  File "src\ui\cli_ui.py", line 488, in run
  File "src\ui\cli_ui.py", line 466, in get_prompt_text
  File "prompt_toolkit\formatted_text\html.py", line 35, in __init__
  File "xml\dom\minidom.py", line 2000, in parseString
  File "xml\dom\expatbuilder.py", line 922, in parseString
  File "xml\dom\expatbuilder.py", line 220, in parseString
xml.parsers.expat.ExpatError: not well-formed (invalid token): line 1, column 30
2025-07-16 14:42:44,828 [ERROR] CLI error: not well-formed (invalid token): line 1, column 30
Traceback (most recent call last):
  File "src\ui\cli_ui.py", line 488, in run
  File "src\ui\cli_ui.py", line 466, in get_prompt_text
  File "prompt_toolkit\formatted_text\html.py", line 35, in __init__
  File "xml\dom\minidom.py", line 2000, in parseString
  File "xml\dom\expatbuilder.py", line 922, in parseString
  File "xml\dom\expatbuilder.py", line 220, in parseString
xml.parsers.expat.ExpatError: not well-formed (invalid token): line 1, column 30
2025-07-16 14:42:44,863 [ERROR] CLI error: not well-formed (invalid token): line 1, column 30
Traceback (most recent call last):
  File "src\ui\cli_ui.py", line 488, in run
  File "src\ui\cli_ui.py", line 466, in get_prompt_text
  File "prompt_toolkit\formatted_text\html.py", line 35, in __init__
  File "xml\dom\minidom.py", line 2000, in parseString
  File "xml\dom\expatbuilder.py", line 922, in parseString
  File "xml\dom\expatbuilder.py", line 220, in parseString
xml.parsers.expat.ExpatError: not well-formed (invalid token): line 1, column 30
2025-07-16 14:42:44,922 [ERROR] CLI error: not well-formed (invalid token): line 1, column 30
Traceback (most recent call last):
  File "src\ui\cli_ui.py", line 488, in run
  File "src\ui\cli_ui.py", line 466, in get_prompt_text
  File "prompt_toolkit\formatted_text\html.py", line 35, in __init__
  File "xml\dom\minidom.py", line 2000, in parseString
  File "xml\dom\expatbuilder.py", line 922, in parseString
  File "xml\dom\expatbuilder.py", line 220, in parseString
xml.parsers.expat.ExpatError: not well-formed (invalid token): line 1, column 30
2025-07-16 14:42:45,071 [ERROR] CLI error: not well-formed (invalid token): line 1, column 30
Traceback (most recent call last):
  File "src\ui\cli_ui.py", line 488, in run
  File "src\ui\cli_ui.py", line 466, in get_prompt_text
  File "prompt_toolkit\formatted_text\html.py", line 35, in __init__
  File "xml\dom\minidom.py", line 2000, in parseString
  File "xml\dom\expatbuilder.py", line 922, in parseString
  File "xml\dom\expatbuilder.py", line 220, in parseString
xml.parsers.expat.ExpatError: not well-formed (invalid token): line 1, column 30
2025-07-16 14:42:45,113 [ERROR] CLI error: not well-formed (invalid token): line 1, column 30
Traceback (most recent call last):
  File "src\ui\cli_ui.py", line 488, in run
  File "src\ui\cli_ui.py", line 466, in get_prompt_text
  File "prompt_toolkit\formatted_text\html.py", line 35, in __init__
  File "xml\dom\minidom.py", line 2000, in parseString
  File "xml\dom\expatbuilder.py", line 922, in parseString
  File "xml\dom\expatbuilder.py", line 220, in parseString
xml.parsers.expat.ExpatError: not well-formed (invalid token): line 1, column 30
2025-07-16 14:42:45,120 [ERROR] CLI error: not well-formed (invalid token): line 1, column 30
Traceback (most recent call last):
  File "src\ui\cli_ui.py", line 488, in run
  File "src\ui\cli_ui.py", line 466, in get_prompt_text
  File "prompt_toolkit\formatted_text\html.py", line 35, in __init__
  File "xml\dom\minidom.py", line 2000, in parseString
  File "xml\dom\expatbuilder.py", line 922, in parseString
  File "xml\dom\expatbuilder.py", line 220, in parseString
xml.parsers.expat.ExpatError: not well-formed (invalid token): line 1, column 30
2025-07-16 14:42:45,161 [ERROR] CLI error: not well-formed (invalid token): line 1, column 30
Traceback (most recent call last):
  File "src\ui\cli_ui.py", line 488, in run
  File "src\ui\cli_ui.py", line 466, in get_prompt_text
  File "prompt_toolkit\formatted_text\html.py", line 35, in __init__
  File "xml\dom\minidom.py", line 2000, in parseString
  File "xml\dom\expatbuilder.py", line 922, in parseString
  File "xml\dom\expatbuilder.py", line 220, in parseString
xml.parsers.expat.ExpatError: not well-formed (invalid token): line 1, column 30
2025-07-16 14:42:45,199 [ERROR] CLI error: not well-formed (invalid token): line 1, column 30
Traceback (most recent call last):
  File "src\ui\cli_ui.py", line 488, in run
  File "src\ui\cli_ui.py", line 466, in get_prompt_text
  File "prompt_toolkit\formatted_text\html.py", line 35, in __init__
  File "xml\dom\minidom.py", line 2000, in parseString
  File "xml\dom\expatbuilder.py", line 922, in parseString
  File "xml\dom\expatbuilder.py", line 220, in parseString
xml.parsers.expat.ExpatError: not well-formed (invalid token): line 1, column 30
2025-07-16 14:42:45,214 [ERROR] CLI error: not well-formed (invalid token): line 1, column 30
Traceback (most recent call last):
  File "src\ui\cli_ui.py", line 488, in run
  File "src\ui\cli_ui.py", line 466, in get_prompt_text
  File "prompt_toolkit\formatted_text\html.py", line 35, in __init__
  File "xml\dom\minidom.py", line 2000, in parseString
  File "xml\dom\expatbuilder.py", line 922, in parseString
  File "xml\dom\expatbuilder.py", line 220, in parseString
xml.parsers.expat.ExpatError: not well-formed (invalid token): line 1, column 30
2025-07-16 14:42:45,259 [ERROR] CLI error: not well-formed (invalid token): line 1, column 30
Traceback (most recent call last):
  File "src\ui\cli_ui.py", line 488, in run
  File "src\ui\cli_ui.py", line 466, in get_prompt_text
  File "prompt_toolkit\formatted_text\html.py", line 35, in __init__
  File "xml\dom\minidom.py", line 2000, in parseString
  File "xml\dom\expatbuilder.py", line 922, in parseString
  File "xml\dom\expatbuilder.py", line 220, in parseString
xml.parsers.expat.ExpatError: not well-formed (invalid token): line 1, column 30
2025-07-16 14:42:45,308 [ERROR] CLI error: not well-formed (invalid token): line 1, column 30
Traceback (most recent call last):
  File "src\ui\cli_ui.py", line 488, in run
  File "src\ui\cli_ui.py", line 466, in get_prompt_text
  File "prompt_toolkit\formatted_text\html.py", line 35, in __init__
  File "xml\dom\minidom.py", line 2000, in parseString
  File "xml\dom\expatbuilder.py", line 922, in parseString
  File "xml\dom\expatbuilder.py", line 220, in parseString
xml.parsers.expat.ExpatError: not well-formed (invalid token): line 1, column 30
2025-07-16 14:42:45,358 [ERROR] CLI error: not well-formed (invalid token): line 1, column 30
Traceback (most recent call last):
  File "src\ui\cli_ui.py", line 488, in run
  File "src\ui\cli_ui.py", line 466, in get_prompt_text
  File "prompt_toolkit\formatted_text\html.py", line 35, in __init__
  File "xml\dom\minidom.py", line 2000, in parseString
  File "xml\dom\expatbuilder.py", line 922, in parseString
  File "xml\dom\expatbuilder.py", line 220, in parseString
xml.parsers.expat.ExpatError: not well-formed (invalid token): line 1, column 30
2025-07-16 14:42:45,410 [ERROR] CLI error: not well-formed (invalid token): line 1, column 30
Traceback (most recent call last):
  File "src\ui\cli_ui.py", line 488, in run
  File "src\ui\cli_ui.py", line 466, in get_prompt_text
  File "prompt_toolkit\formatted_text\html.py", line 35, in __init__
  File "xml\dom\minidom.py", line 2000, in parseString
  File "xml\dom\expatbuilder.py", line 922, in parseString
  File "xml\dom\expatbuilder.py", line 220, in parseString
xml.parsers.expat.ExpatError: not well-formed (invalid token): line 1, column 30
2025-07-16 14:42:45,464 [ERROR] CLI error: not well-formed (invalid token): line 1, column 30
Traceback (most recent call last):
  File "src\ui\cli_ui.py", line 488, in run
  File "src\ui\cli_ui.py", line 466, in get_prompt_text
  File "prompt_toolkit\formatted_text\html.py", line 35, in __init__
  File "xml\dom\minidom.py", line 2000, in parseString
  File "xml\dom\expatbuilder.py", line 922, in parseString
  File "xml\dom\expatbuilder.py", line 220, in parseString
xml.parsers.expat.ExpatError: not well-formed (invalid token): line 1, column 30
2025-07-16 14:42:45,506 [ERROR] CLI error: not well-formed (invalid token): line 1, column 30
Traceback (most recent call last):
  File "src\ui\cli_ui.py", line 488, in run
  File "src\ui\cli_ui.py", line 466, in get_prompt_text
  File "prompt_toolkit\formatted_text\html.py", line 35, in __init__
  File "xml\dom\minidom.py", line 2000, in parseString
  File "xml\dom\expatbuilder.py", line 922, in parseString
  File "xml\dom\expatbuilder.py", line 220, in parseString
xml.parsers.expat.ExpatError: not well-formed (invalid token): line 1, column 30
2025-07-16 14:42:45,634 [ERROR] CLI error: not well-formed (invalid token): line 1, column 30
Traceback (most recent call last):
  File "src\ui\cli_ui.py", line 488, in run
  File "src\ui\cli_ui.py", line 466, in get_prompt_text
  File "prompt_toolkit\formatted_text\html.py", line 35, in __init__
  File "xml\dom\minidom.py", line 2000, in parseString
  File "xml\dom\expatbuilder.py", line 922, in parseString
  File "xml\dom\expatbuilder.py", line 220, in parseString
xml.parsers.expat.ExpatError: not well-formed (invalid token): line 1, column 30
2025-07-16 14:42:45,641 [ERROR] CLI error: not well-formed (invalid token): line 1, column 30
Traceback (most recent call last):
  File "src\ui\cli_ui.py", line 488, in run
  File "src\ui\cli_ui.py", line 466, in get_prompt_text
  File "prompt_toolkit\formatted_text\html.py", line 35, in __init__
  File "xml\dom\minidom.py", line 2000, in parseString
  File "xml\dom\expatbuilder.py", line 922, in parseString
  File "xml\dom\expatbuilder.py", line 220, in parseString
xml.parsers.expat.ExpatError: not well-formed (invalid token): line 1, column 30
2025-07-16 14:42:45,729 [ERROR] CLI error: not well-formed (invalid token): line 1, column 30
Traceback (most recent call last):
  File "src\ui\cli_ui.py", line 488, in run
  File "src\ui\cli_ui.py", line 466, in get_prompt_text
  File "prompt_toolkit\formatted_text\html.py", line 35, in __init__
  File "xml\dom\minidom.py", line 2000, in parseString
  File "xml\dom\expatbuilder.py", line 922, in parseString
  File "xml\dom\expatbuilder.py", line 220, in parseString
xml.parsers.expat.ExpatError: not well-formed (invalid token): line 1, column 30
2025-07-16 14:42:45,764 [ERROR] CLI error: not well-formed (invalid token): line 1, column 30
Traceback (most recent call last):
  File "src\ui\cli_ui.py", line 488, in run
  File "src\ui\cli_ui.py", line 466, in get_prompt_text
  File "prompt_toolkit\formatted_text\html.py", line 35, in __init__
  File "xml\dom\minidom.py", line 2000, in parseString
  File "xml\dom\expatbuilder.py", line 922, in parseString
  File "xml\dom\expatbuilder.py", line 220, in parseString
xml.parsers.expat.ExpatError: not well-formed (invalid token): line 1, column 30
2025-07-16 14:42:45,967 [ERROR] CLI error: not well-formed (invalid token): line 1, column 30
Traceback (most recent call last):
  File "src\ui\cli_ui.py", line 488, in run
  File "src\ui\cli_ui.py", line 466, in get_prompt_text
  File "prompt_toolkit\formatted_text\html.py", line 35, in __init__
  File "xml\dom\minidom.py", line 2000, in parseString
  File "xml\dom\expatbuilder.py", line 922, in parseString
  File "xml\dom\expatbuilder.py", line 220, in parseString
xml.parsers.expat.ExpatError: not well-formed (invalid token): line 1, column 30
2025-07-16 14:42:46,011 [ERROR] CLI error: not well-formed (invalid token): line 1, column 30
Traceback (most recent call last):
  File "src\ui\cli_ui.py", line 488, in run
  File "src\ui\cli_ui.py", line 466, in get_prompt_text
  File "prompt_toolkit\formatted_text\html.py", line 35, in __init__
  File "xml\dom\minidom.py", line 2000, in parseString
  File "xml\dom\expatbuilder.py", line 922, in parseString
  File "xml\dom\expatbuilder.py", line 220, in parseString
xml.parsers.expat.ExpatError: not well-formed (invalid token): line 1, column 30
2025-07-16 14:42:46,091 [ERROR] CLI error: not well-formed (invalid token): line 1, column 30
Traceback (most recent call last):
  File "src\ui\cli_ui.py", line 488, in run
  File "src\ui\cli_ui.py", line 466, in get_prompt_text
  File "prompt_toolkit\formatted_text\html.py", line 35, in __init__
  File "xml\dom\minidom.py", line 2000, in parseString
  File "xml\dom\expatbuilder.py", line 922, in parseString
  File "xml\dom\expatbuilder.py", line 220, in parseString
xml.parsers.expat.ExpatError: not well-formed (invalid token): line 1, column 30
2025-07-16 14:42:46,135 [ERROR] CLI error: not well-formed (invalid token): line 1, column 30
Traceback (most recent call last):
  File "src\ui\cli_ui.py", line 488, in run
  File "src\ui\cli_ui.py", line 466, in get_prompt_text
  File "prompt_toolkit\formatted_text\html.py", line 35, in __init__
  File "xml\dom\minidom.py", line 2000, in parseString
  File "xml\dom\expatbuilder.py", line 922, in parseString
  File "xml\dom\expatbuilder.py", line 220, in parseString
xml.parsers.expat.ExpatError: not well-formed (invalid token): line 1, column 30
2025-07-16 14:42:46,351 [ERROR] CLI error: not well-formed (invalid token): line 1, column 30
Traceback (most recent call last):
  File "src\ui\cli_ui.py", line 488, in run
  File "src\ui\cli_ui.py", line 466, in get_prompt_text
  File "prompt_toolkit\formatted_text\html.py", line 35, in __init__
  File "xml\dom\minidom.py", line 2000, in parseString
  File "xml\dom\expatbuilder.py", line 922, in parseString
  File "xml\dom\expatbuilder.py", line 220, in parseString
xml.parsers.expat.ExpatError: not well-formed (invalid token): line 1, column 30
2025-07-16 14:42:46,370 [ERROR] CLI error: not well-formed (invalid token): line 1, column 30
Traceback (most recent call last):
  File "src\ui\cli_ui.py", line 488, in run
  File "src\ui\cli_ui.py", line 466, in get_prompt_text
  File "prompt_toolkit\formatted_text\html.py", line 35, in __init__
  File "xml\dom\minidom.py", line 2000, in parseString
  File "xml\dom\expatbuilder.py", line 922, in parseString
  File "xml\dom\expatbuilder.py", line 220, in parseString
xml.parsers.expat.ExpatError: not well-formed (invalid token): line 1, column 30
2025-07-16 14:43:40,188 [ERROR] CLI error: not well-formed (invalid token): line 1, column 30
Traceback (most recent call last):
  File "src\ui\cli_ui.py", line 488, in run
  File "src\ui\cli_ui.py", line 466, in get_prompt_text
  File "prompt_toolkit\formatted_text\html.py", line 35, in __init__
  File "xml\dom\minidom.py", line 2000, in parseString
  File "xml\dom\expatbuilder.py", line 922, in parseString
  File "xml\dom\expatbuilder.py", line 220, in parseString
xml.parsers.expat.ExpatError: not well-formed (invalid token): line 1, column 30
2025-07-16 14:43:41,387 [ERROR] CLI error: not well-formed (invalid token): line 1, column 30
Traceback (most recent call last):
  File "src\ui\cli_ui.py", line 488, in run
  File "src\ui\cli_ui.py", line 466, in get_prompt_text
  File "prompt_toolkit\formatted_text\html.py", line 35, in __init__
  File "xml\dom\minidom.py", line 2000, in parseString
  File "xml\dom\expatbuilder.py", line 922, in parseString
  File "xml\dom\expatbuilder.py", line 220, in parseString
xml.parsers.expat.ExpatError: not well-formed (invalid token): line 1, column 30
2025-07-16 14:43:41,409 [ERROR] CLI error: not well-formed (invalid token): line 1, column 30
Traceback (most recent call last):
  File "src\ui\cli_ui.py", line 488, in run
  File "src\ui\cli_ui.py", line 466, in get_prompt_text
  File "prompt_toolkit\formatted_text\html.py", line 35, in __init__
  File "xml\dom\minidom.py", line 2000, in parseString
  File "xml\dom\expatbuilder.py", line 922, in parseString
  File "xml\dom\expatbuilder.py", line 220, in parseString
xml.parsers.expat.ExpatError: not well-formed (invalid token): line 1, column 30
2025-07-16 14:43:41,416 [ERROR] CLI error: not well-formed (invalid token): line 1, column 30
Traceback (most recent call last):
  File "src\ui\cli_ui.py", line 488, in run
  File "src\ui\cli_ui.py", line 466, in get_prompt_text
  File "prompt_toolkit\formatted_text\html.py", line 35, in __init__
  File "xml\dom\minidom.py", line 2000, in parseString
  File "xml\dom\expatbuilder.py", line 922, in parseString
  File "xml\dom\expatbuilder.py", line 220, in parseString
xml.parsers.expat.ExpatError: not well-formed (invalid token): line 1, column 30
2025-07-16 14:43:41,432 [ERROR] CLI error: not well-formed (invalid token): line 1, column 30
Traceback (most recent call last):
  File "src\ui\cli_ui.py", line 488, in run
  File "src\ui\cli_ui.py", line 466, in get_prompt_text
  File "prompt_toolkit\formatted_text\html.py", line 35, in __init__
  File "xml\dom\minidom.py", line 2000, in parseString
  File "xml\dom\expatbuilder.py", line 922, in parseString
  File "xml\dom\expatbuilder.py", line 220, in parseString
xml.parsers.expat.ExpatError: not well-formed (invalid token): line 1, column 30
2025-07-16 14:43:41,444 [ERROR] CLI error: not well-formed (invalid token): line 1, column 30
Traceback (most recent call last):
  File "src\ui\cli_ui.py", line 488, in run
  File "src\ui\cli_ui.py", line 466, in get_prompt_text
  File "prompt_toolkit\formatted_text\html.py", line 35, in __init__
  File "xml\dom\minidom.py", line 2000, in parseString
  File "xml\dom\expatbuilder.py", line 922, in parseString
  File "xml\dom\expatbuilder.py", line 220, in parseString
xml.parsers.expat.ExpatError: not well-formed (invalid token): line 1, column 30
2025-07-16 14:43:41,450 [ERROR] CLI error: not well-formed (invalid token): line 1, column 30
Traceback (most recent call last):
  File "src\ui\cli_ui.py", line 488, in run
  File "src\ui\cli_ui.py", line 466, in get_prompt_text
  File "prompt_toolkit\formatted_text\html.py", line 35, in __init__
  File "xml\dom\minidom.py", line 2000, in parseString
  File "xml\dom\expatbuilder.py", line 922, in parseString
  File "xml\dom\expatbuilder.py", line 220, in parseString
xml.parsers.expat.ExpatError: not well-formed (invalid token): line 1, column 30
2025-07-16 14:43:41,661 [ERROR] CLI error: not well-formed (invalid token): line 1, column 30
Traceback (most recent call last):
  File "src\ui\cli_ui.py", line 488, in run
  File "src\ui\cli_ui.py", line 466, in get_prompt_text
  File "prompt_toolkit\formatted_text\html.py", line 35, in __init__
  File "xml\dom\minidom.py", line 2000, in parseString
  File "xml\dom\expatbuilder.py", line 922, in parseString
  File "xml\dom\expatbuilder.py", line 220, in parseString
xml.parsers.expat.ExpatError: not well-formed (invalid token): line 1, column 30
2025-07-16 14:43:42,116 [ERROR] CLI error: not well-formed (invalid token): line 1, column 30
Traceback (most recent call last):
  File "src\ui\cli_ui.py", line 488, in run
  File "src\ui\cli_ui.py", line 466, in get_prompt_text
  File "prompt_toolkit\formatted_text\html.py", line 35, in __init__
  File "xml\dom\minidom.py", line 2000, in parseString
  File "xml\dom\expatbuilder.py", line 922, in parseString
  File "xml\dom\expatbuilder.py", line 220, in parseString
xml.parsers.expat.ExpatError: not well-formed (invalid token): line 1, column 30
2025-07-16 14:43:42,155 [ERROR] CLI error: not well-formed (invalid token): line 1, column 30
Traceback (most recent call last):
  File "src\ui\cli_ui.py", line 488, in run
  File "src\ui\cli_ui.py", line 466, in get_prompt_text
  File "prompt_toolkit\formatted_text\html.py", line 35, in __init__
  File "xml\dom\minidom.py", line 2000, in parseString
  File "xml\dom\expatbuilder.py", line 922, in parseString
  File "xml\dom\expatbuilder.py", line 220, in parseString
xml.parsers.expat.ExpatError: not well-formed (invalid token): line 1, column 30
2025-07-16 14:43:42,472 [ERROR] CLI error: not well-formed (invalid token): line 1, column 30
Traceback (most recent call last):
  File "src\ui\cli_ui.py", line 488, in run
  File "src\ui\cli_ui.py", line 466, in get_prompt_text
  File "prompt_toolkit\formatted_text\html.py", line 35, in __init__
  File "xml\dom\minidom.py", line 2000, in parseString
  File "xml\dom\expatbuilder.py", line 922, in parseString
  File "xml\dom\expatbuilder.py", line 220, in parseString
xml.parsers.expat.ExpatError: not well-formed (invalid token): line 1, column 30
2025-07-16 14:43:42,616 [ERROR] CLI error: not well-formed (invalid token): line 1, column 30
Traceback (most recent call last):
  File "src\ui\cli_ui.py", line 488, in run
  File "src\ui\cli_ui.py", line 466, in get_prompt_text
  File "prompt_toolkit\formatted_text\html.py", line 35, in __init__
  File "xml\dom\minidom.py", line 2000, in parseString
  File "xml\dom\expatbuilder.py", line 922, in parseString
  File "xml\dom\expatbuilder.py", line 220, in parseString
xml.parsers.expat.ExpatError: not well-formed (invalid token): line 1, column 30
2025-07-16 14:43:42,763 [ERROR] CLI error: not well-formed (invalid token): line 1, column 30
Traceback (most recent call last):
  File "src\ui\cli_ui.py", line 488, in run
  File "src\ui\cli_ui.py", line 466, in get_prompt_text
  File "prompt_toolkit\formatted_text\html.py", line 35, in __init__
  File "xml\dom\minidom.py", line 2000, in parseString
  File "xml\dom\expatbuilder.py", line 922, in parseString
  File "xml\dom\expatbuilder.py", line 220, in parseString
xml.parsers.expat.ExpatError: not well-formed (invalid token): line 1, column 30
2025-07-16 14:43:42,868 [ERROR] CLI error: not well-formed (invalid token): line 1, column 30
Traceback (most recent call last):
  File "src\ui\cli_ui.py", line 488, in run
  File "src\ui\cli_ui.py", line 466, in get_prompt_text
  File "prompt_toolkit\formatted_text\html.py", line 35, in __init__
  File "xml\dom\minidom.py", line 2000, in parseString
  File "xml\dom\expatbuilder.py", line 922, in parseString
  File "xml\dom\expatbuilder.py", line 220, in parseString
xml.parsers.expat.ExpatError: not well-formed (invalid token): line 1, column 30
2025-07-16 14:43:42,972 [ERROR] CLI error: not well-formed (invalid token): line 1, column 30
Traceback (most recent call last):
  File "src\ui\cli_ui.py", line 488, in run
  File "src\ui\cli_ui.py", line 466, in get_prompt_text
  File "prompt_toolkit\formatted_text\html.py", line 35, in __init__
  File "xml\dom\minidom.py", line 2000, in parseString
  File "xml\dom\expatbuilder.py", line 922, in parseString
  File "xml\dom\expatbuilder.py", line 220, in parseString
xml.parsers.expat.ExpatError: not well-formed (invalid token): line 1, column 30
2025-07-16 14:43:43,086 [ERROR] CLI error: not well-formed (invalid token): line 1, column 30
Traceback (most recent call last):
  File "src\ui\cli_ui.py", line 488, in run
  File "src\ui\cli_ui.py", line 466, in get_prompt_text
  File "prompt_toolkit\formatted_text\html.py", line 35, in __init__
  File "xml\dom\minidom.py", line 2000, in parseString
  File "xml\dom\expatbuilder.py", line 922, in parseString
  File "xml\dom\expatbuilder.py", line 220, in parseString
xml.parsers.expat.ExpatError: not well-formed (invalid token): line 1, column 30
2025-07-16 14:43:43,204 [ERROR] CLI error: not well-formed (invalid token): line 1, column 30
Traceback (most recent call last):
  File "src\ui\cli_ui.py", line 488, in run
  File "src\ui\cli_ui.py", line 466, in get_prompt_text
  File "prompt_toolkit\formatted_text\html.py", line 35, in __init__
  File "xml\dom\minidom.py", line 2000, in parseString
  File "xml\dom\expatbuilder.py", line 922, in parseString
  File "xml\dom\expatbuilder.py", line 220, in parseString
xml.parsers.expat.ExpatError: not well-formed (invalid token): line 1, column 30
2025-07-16 14:43:43,366 [ERROR] CLI error: not well-formed (invalid token): line 1, column 30
Traceback (most recent call last):
  File "src\ui\cli_ui.py", line 488, in run
  File "src\ui\cli_ui.py", line 466, in get_prompt_text
  File "prompt_toolkit\formatted_text\html.py", line 35, in __init__
  File "xml\dom\minidom.py", line 2000, in parseString
  File "xml\dom\expatbuilder.py", line 922, in parseString
  File "xml\dom\expatbuilder.py", line 220, in parseString
xml.parsers.expat.ExpatError: not well-formed (invalid token): line 1, column 30
2025-07-16 14:43:43,484 [ERROR] CLI error: not well-formed (invalid token): line 1, column 30
Traceback (most recent call last):
  File "src\ui\cli_ui.py", line 488, in run
  File "src\ui\cli_ui.py", line 466, in get_prompt_text
  File "prompt_toolkit\formatted_text\html.py", line 35, in __init__
  File "xml\dom\minidom.py", line 2000, in parseString
  File "xml\dom\expatbuilder.py", line 922, in parseString
  File "xml\dom\expatbuilder.py", line 220, in parseString
xml.parsers.expat.ExpatError: not well-formed (invalid token): line 1, column 30
2025-07-16 14:43:43,574 [ERROR] CLI error: not well-formed (invalid token): line 1, column 30
Traceback (most recent call last):
  File "src\ui\cli_ui.py", line 488, in run
  File "src\ui\cli_ui.py", line 466, in get_prompt_text
  File "prompt_toolkit\formatted_text\html.py", line 35, in __init__
  File "xml\dom\minidom.py", line 2000, in parseString
  File "xml\dom\expatbuilder.py", line 922, in parseString
  File "xml\dom\expatbuilder.py", line 220, in parseString
xml.parsers.expat.ExpatError: not well-formed (invalid token): line 1, column 30
2025-07-16 14:43:43,601 [ERROR] CLI error: not well-formed (invalid token): line 1, column 30
Traceback (most recent call last):
  File "src\ui\cli_ui.py", line 488, in run
  File "src\ui\cli_ui.py", line 466, in get_prompt_text
  File "prompt_toolkit\formatted_text\html.py", line 35, in __init__
  File "xml\dom\minidom.py", line 2000, in parseString
  File "xml\dom\expatbuilder.py", line 922, in parseString
  File "xml\dom\expatbuilder.py", line 220, in parseString
xml.parsers.expat.ExpatError: not well-formed (invalid token): line 1, column 30
2025-07-16 14:43:43,746 [ERROR] CLI error: not well-formed (invalid token): line 1, column 30
Traceback (most recent call last):
  File "src\ui\cli_ui.py", line 488, in run
  File "src\ui\cli_ui.py", line 466, in get_prompt_text
  File "prompt_toolkit\formatted_text\html.py", line 35, in __init__
  File "xml\dom\minidom.py", line 2000, in parseString
  File "xml\dom\expatbuilder.py", line 922, in parseString
  File "xml\dom\expatbuilder.py", line 220, in parseString
xml.parsers.expat.ExpatError: not well-formed (invalid token): line 1, column 30
2025-07-16 14:43:43,776 [ERROR] CLI error: not well-formed (invalid token): line 1, column 30
Traceback (most recent call last):
  File "src\ui\cli_ui.py", line 488, in run
  File "src\ui\cli_ui.py", line 466, in get_prompt_text
  File "prompt_toolkit\formatted_text\html.py", line 35, in __init__
  File "xml\dom\minidom.py", line 2000, in parseString
  File "xml\dom\expatbuilder.py", line 922, in parseString
  File "xml\dom\expatbuilder.py", line 220, in parseString
xml.parsers.expat.ExpatError: not well-formed (invalid token): line 1, column 30
2025-07-16 14:43:43,795 [ERROR] CLI error: not well-formed (invalid token): line 1, column 30
Traceback (most recent call last):
  File "src\ui\cli_ui.py", line 488, in run
  File "src\ui\cli_ui.py", line 466, in get_prompt_text
  File "prompt_toolkit\formatted_text\html.py", line 35, in __init__
  File "xml\dom\minidom.py", line 2000, in parseString
  File "xml\dom\expatbuilder.py", line 922, in parseString
  File "xml\dom\expatbuilder.py", line 220, in parseString
xml.parsers.expat.ExpatError: not well-formed (invalid token): line 1, column 30
2025-07-16 14:43:43,806 [ERROR] CLI error: not well-formed (invalid token): line 1, column 30
Traceback (most recent call last):
  File "src\ui\cli_ui.py", line 488, in run
  File "src\ui\cli_ui.py", line 466, in get_prompt_text
  File "prompt_toolkit\formatted_text\html.py", line 35, in __init__
  File "xml\dom\minidom.py", line 2000, in parseString
  File "xml\dom\expatbuilder.py", line 922, in parseString
  File "xml\dom\expatbuilder.py", line 220, in parseString
xml.parsers.expat.ExpatError: not well-formed (invalid token): line 1, column 30
2025-07-16 14:43:43,826 [ERROR] CLI error: not well-formed (invalid token): line 1, column 30
Traceback (most recent call last):
  File "src\ui\cli_ui.py", line 488, in run
  File "src\ui\cli_ui.py", line 466, in get_prompt_text
  File "prompt_toolkit\formatted_text\html.py", line 35, in __init__
  File "xml\dom\minidom.py", line 2000, in parseString
  File "xml\dom\expatbuilder.py", line 922, in parseString
  File "xml\dom\expatbuilder.py", line 220, in parseString
xml.parsers.expat.ExpatError: not well-formed (invalid token): line 1, column 30
2025-07-16 14:43:43,854 [ERROR] CLI error: not well-formed (invalid token): line 1, column 30
Traceback (most recent call last):
  File "src\ui\cli_ui.py", line 488, in run
  File "src\ui\cli_ui.py", line 466, in get_prompt_text
  File "prompt_toolkit\formatted_text\html.py", line 35, in __init__
  File "xml\dom\minidom.py", line 2000, in parseString
  File "xml\dom\expatbuilder.py", line 922, in parseString
  File "xml\dom\expatbuilder.py", line 220, in parseString
xml.parsers.expat.ExpatError: not well-formed (invalid token): line 1, column 30
2025-07-16 14:43:43,865 [ERROR] CLI error: not well-formed (invalid token): line 1, column 30
Traceback (most recent call last):
  File "src\ui\cli_ui.py", line 488, in run
  File "src\ui\cli_ui.py", line 466, in get_prompt_text
  File "prompt_toolkit\formatted_text\html.py", line 35, in __init__
  File "xml\dom\minidom.py", line 2000, in parseString
  File "xml\dom\expatbuilder.py", line 922, in parseString
  File "xml\dom\expatbuilder.py", line 220, in parseString
xml.parsers.expat.ExpatError: not well-formed (invalid token): line 1, column 30
2025-07-16 14:43:44,900 [ERROR] CLI error: not well-formed (invalid token): line 1, column 30
Traceback (most recent call last):
  File "src\ui\cli_ui.py", line 488, in run
  File "src\ui\cli_ui.py", line 466, in get_prompt_text
  File "prompt_toolkit\formatted_text\html.py", line 35, in __init__
  File "xml\dom\minidom.py", line 2000, in parseString
  File "xml\dom\expatbuilder.py", line 922, in parseString
  File "xml\dom\expatbuilder.py", line 220, in parseString
xml.parsers.expat.ExpatError: not well-formed (invalid token): line 1, column 30
2025-07-16 14:43:44,981 [ERROR] CLI error: not well-formed (invalid token): line 1, column 30
Traceback (most recent call last):
  File "src\ui\cli_ui.py", line 488, in run
  File "src\ui\cli_ui.py", line 466, in get_prompt_text
  File "prompt_toolkit\formatted_text\html.py", line 35, in __init__
  File "xml\dom\minidom.py", line 2000, in parseString
  File "xml\dom\expatbuilder.py", line 922, in parseString
  File "xml\dom\expatbuilder.py", line 220, in parseString
xml.parsers.expat.ExpatError: not well-formed (invalid token): line 1, column 30
2025-07-16 14:43:45,118 [ERROR] CLI error: not well-formed (invalid token): line 1, column 30
Traceback (most recent call last):
  File "src\ui\cli_ui.py", line 488, in run
  File "src\ui\cli_ui.py", line 466, in get_prompt_text
  File "prompt_toolkit\formatted_text\html.py", line 35, in __init__
  File "xml\dom\minidom.py", line 2000, in parseString
  File "xml\dom\expatbuilder.py", line 922, in parseString
  File "xml\dom\expatbuilder.py", line 220, in parseString
xml.parsers.expat.ExpatError: not well-formed (invalid token): line 1, column 30
2025-07-16 14:43:45,213 [ERROR] CLI error: not well-formed (invalid token): line 1, column 30
Traceback (most recent call last):
  File "src\ui\cli_ui.py", line 488, in run
  File "src\ui\cli_ui.py", line 466, in get_prompt_text
  File "prompt_toolkit\formatted_text\html.py", line 35, in __init__
  File "xml\dom\minidom.py", line 2000, in parseString
  File "xml\dom\expatbuilder.py", line 922, in parseString
  File "xml\dom\expatbuilder.py", line 220, in parseString
xml.parsers.expat.ExpatError: not well-formed (invalid token): line 1, column 30
2025-07-16 14:43:45,266 [ERROR] CLI error: not well-formed (invalid token): line 1, column 30
Traceback (most recent call last):
  File "src\ui\cli_ui.py", line 488, in run
  File "src\ui\cli_ui.py", line 466, in get_prompt_text
  File "prompt_toolkit\formatted_text\html.py", line 35, in __init__
  File "xml\dom\minidom.py", line 2000, in parseString
  File "xml\dom\expatbuilder.py", line 922, in parseString
  File "xml\dom\expatbuilder.py", line 220, in parseString
xml.parsers.expat.ExpatError: not well-formed (invalid token): line 1, column 30
2025-07-16 14:43:45,410 [ERROR] CLI error: not well-formed (invalid token): line 1, column 30
Traceback (most recent call last):
  File "src\ui\cli_ui.py", line 488, in run
  File "src\ui\cli_ui.py", line 466, in get_prompt_text
  File "prompt_toolkit\formatted_text\html.py", line 35, in __init__
  File "xml\dom\minidom.py", line 2000, in parseString
  File "xml\dom\expatbuilder.py", line 922, in parseString
  File "xml\dom\expatbuilder.py", line 220, in parseString
xml.parsers.expat.ExpatError: not well-formed (invalid token): line 1, column 30
2025-07-16 14:43:45,470 [ERROR] CLI error: not well-formed (invalid token): line 1, column 30
Traceback (most recent call last):
  File "src\ui\cli_ui.py", line 488, in run
  File "src\ui\cli_ui.py", line 466, in get_prompt_text
  File "prompt_toolkit\formatted_text\html.py", line 35, in __init__
  File "xml\dom\minidom.py", line 2000, in parseString
  File "xml\dom\expatbuilder.py", line 922, in parseString
  File "xml\dom\expatbuilder.py", line 220, in parseString
xml.parsers.expat.ExpatError: not well-formed (invalid token): line 1, column 30
2025-07-16 14:43:45,589 [ERROR] CLI error: not well-formed (invalid token): line 1, column 30
Traceback (most recent call last):
  File "src\ui\cli_ui.py", line 488, in run
  File "src\ui\cli_ui.py", line 466, in get_prompt_text
  File "prompt_toolkit\formatted_text\html.py", line 35, in __init__
  File "xml\dom\minidom.py", line 2000, in parseString
  File "xml\dom\expatbuilder.py", line 922, in parseString
  File "xml\dom\expatbuilder.py", line 220, in parseString
xml.parsers.expat.ExpatError: not well-formed (invalid token): line 1, column 30
2025-07-16 14:43:45,654 [ERROR] CLI error: not well-formed (invalid token): line 1, column 30
Traceback (most recent call last):
  File "src\ui\cli_ui.py", line 488, in run
  File "src\ui\cli_ui.py", line 466, in get_prompt_text
  File "prompt_toolkit\formatted_text\html.py", line 35, in __init__
  File "xml\dom\minidom.py", line 2000, in parseString
  File "xml\dom\expatbuilder.py", line 922, in parseString
  File "xml\dom\expatbuilder.py", line 220, in parseString
xml.parsers.expat.ExpatError: not well-formed (invalid token): line 1, column 30
2025-07-16 14:43:45,844 [ERROR] CLI error: not well-formed (invalid token): line 1, column 30
Traceback (most recent call last):
  File "src\ui\cli_ui.py", line 488, in run
  File "src\ui\cli_ui.py", line 466, in get_prompt_text
  File "prompt_toolkit\formatted_text\html.py", line 35, in __init__
  File "xml\dom\minidom.py", line 2000, in parseString
  File "xml\dom\expatbuilder.py", line 922, in parseString
  File "xml\dom\expatbuilder.py", line 220, in parseString
xml.parsers.expat.ExpatError: not well-formed (invalid token): line 1, column 30
2025-07-16 14:43:46,032 [ERROR] CLI error: not well-formed (invalid token): line 1, column 30
Traceback (most recent call last):
  File "src\ui\cli_ui.py", line 488, in run
  File "src\ui\cli_ui.py", line 466, in get_prompt_text
  File "prompt_toolkit\formatted_text\html.py", line 35, in __init__
  File "xml\dom\minidom.py", line 2000, in parseString
  File "xml\dom\expatbuilder.py", line 922, in parseString
  File "xml\dom\expatbuilder.py", line 220, in parseString
xml.parsers.expat.ExpatError: not well-formed (invalid token): line 1, column 30
2025-07-16 14:43:46,206 [ERROR] CLI error: not well-formed (invalid token): line 1, column 30
Traceback (most recent call last):
  File "src\ui\cli_ui.py", line 488, in run
  File "src\ui\cli_ui.py", line 466, in get_prompt_text
  File "prompt_toolkit\formatted_text\html.py", line 35, in __init__
  File "xml\dom\minidom.py", line 2000, in parseString
  File "xml\dom\expatbuilder.py", line 922, in parseString
  File "xml\dom\expatbuilder.py", line 220, in parseString
xml.parsers.expat.ExpatError: not well-formed (invalid token): line 1, column 30
2025-07-16 14:43:46,289 [ERROR] CLI error: not well-formed (invalid token): line 1, column 30
Traceback (most recent call last):
  File "src\ui\cli_ui.py", line 488, in run
  File "src\ui\cli_ui.py", line 466, in get_prompt_text
  File "prompt_toolkit\formatted_text\html.py", line 35, in __init__
  File "xml\dom\minidom.py", line 2000, in parseString
  File "xml\dom\expatbuilder.py", line 922, in parseString
  File "xml\dom\expatbuilder.py", line 220, in parseString
xml.parsers.expat.ExpatError: not well-formed (invalid token): line 1, column 30
2025-07-16 14:43:46,521 [ERROR] CLI error: not well-formed (invalid token): line 1, column 30
Traceback (most recent call last):
  File "src\ui\cli_ui.py", line 488, in run
  File "src\ui\cli_ui.py", line 466, in get_prompt_text
  File "prompt_toolkit\formatted_text\html.py", line 35, in __init__
  File "xml\dom\minidom.py", line 2000, in parseString
  File "xml\dom\expatbuilder.py", line 922, in parseString
  File "xml\dom\expatbuilder.py", line 220, in parseString
xml.parsers.expat.ExpatError: not well-formed (invalid token): line 1, column 30
2025-07-16 14:43:46,704 [ERROR] CLI error: not well-formed (invalid token): line 1, column 30
Traceback (most recent call last):
  File "src\ui\cli_ui.py", line 488, in run
  File "src\ui\cli_ui.py", line 466, in get_prompt_text
  File "prompt_toolkit\formatted_text\html.py", line 35, in __init__
  File "xml\dom\minidom.py", line 2000, in parseString
  File "xml\dom\expatbuilder.py", line 922, in parseString
  File "xml\dom\expatbuilder.py", line 220, in parseString
xml.parsers.expat.ExpatError: not well-formed (invalid token): line 1, column 30
2025-07-16 14:43:46,816 [ERROR] CLI error: not well-formed (invalid token): line 1, column 30
Traceback (most recent call last):
  File "src\ui\cli_ui.py", line 488, in run
  File "src\ui\cli_ui.py", line 466, in get_prompt_text
  File "prompt_toolkit\formatted_text\html.py", line 35, in __init__
  File "xml\dom\minidom.py", line 2000, in parseString
  File "xml\dom\expatbuilder.py", line 922, in parseString
  File "xml\dom\expatbuilder.py", line 220, in parseString
xml.parsers.expat.ExpatError: not well-formed (invalid token): line 1, column 30
2025-07-16 14:43:47,111 [ERROR] CLI error: not well-formed (invalid token): line 1, column 30
Traceback (most recent call last):
  File "src\ui\cli_ui.py", line 488, in run
  File "src\ui\cli_ui.py", line 466, in get_prompt_text
  File "prompt_toolkit\formatted_text\html.py", line 35, in __init__
  File "xml\dom\minidom.py", line 2000, in parseString
  File "xml\dom\expatbuilder.py", line 922, in parseString
  File "xml\dom\expatbuilder.py", line 220, in parseString
xml.parsers.expat.ExpatError: not well-formed (invalid token): line 1, column 30
2025-07-16 14:43:47,266 [ERROR] CLI error: not well-formed (invalid token): line 1, column 30
Traceback (most recent call last):
  File "src\ui\cli_ui.py", line 488, in run
  File "src\ui\cli_ui.py", line 466, in get_prompt_text
  File "prompt_toolkit\formatted_text\html.py", line 35, in __init__
  File "xml\dom\minidom.py", line 2000, in parseString
  File "xml\dom\expatbuilder.py", line 922, in parseString
  File "xml\dom\expatbuilder.py", line 220, in parseString
xml.parsers.expat.ExpatError: not well-formed (invalid token): line 1, column 30
2025-07-16 14:43:47,428 [ERROR] CLI error: not well-formed (invalid token): line 1, column 30
Traceback (most recent call last):
  File "src\ui\cli_ui.py", line 488, in run
  File "src\ui\cli_ui.py", line 466, in get_prompt_text
  File "prompt_toolkit\formatted_text\html.py", line 35, in __init__
  File "xml\dom\minidom.py", line 2000, in parseString
  File "xml\dom\expatbuilder.py", line 922, in parseString
  File "xml\dom\expatbuilder.py", line 220, in parseString
xml.parsers.expat.ExpatError: not well-formed (invalid token): line 1, column 30
2025-07-16 14:43:47,575 [ERROR] CLI error: not well-formed (invalid token): line 1, column 30
Traceback (most recent call last):
  File "src\ui\cli_ui.py", line 488, in run
  File "src\ui\cli_ui.py", line 466, in get_prompt_text
  File "prompt_toolkit\formatted_text\html.py", line 35, in __init__
  File "xml\dom\minidom.py", line 2000, in parseString
  File "xml\dom\expatbuilder.py", line 922, in parseString
  File "xml\dom\expatbuilder.py", line 220, in parseString
xml.parsers.expat.ExpatError: not well-formed (invalid token): line 1, column 30
2025-07-16 14:43:47,704 [ERROR] CLI error: not well-formed (invalid token): line 1, column 30
Traceback (most recent call last):
  File "src\ui\cli_ui.py", line 488, in run
  File "src\ui\cli_ui.py", line 466, in get_prompt_text
  File "prompt_toolkit\formatted_text\html.py", line 35, in __init__
  File "xml\dom\minidom.py", line 2000, in parseString
  File "xml\dom\expatbuilder.py", line 922, in parseString
  File "xml\dom\expatbuilder.py", line 220, in parseString
xml.parsers.expat.ExpatError: not well-formed (invalid token): line 1, column 30
2025-07-16 14:43:47,943 [ERROR] CLI error: not well-formed (invalid token): line 1, column 30
Traceback (most recent call last):
  File "src\ui\cli_ui.py", line 488, in run
  File "src\ui\cli_ui.py", line 466, in get_prompt_text
  File "prompt_toolkit\formatted_text\html.py", line 35, in __init__
  File "xml\dom\minidom.py", line 2000, in parseString
  File "xml\dom\expatbuilder.py", line 922, in parseString
  File "xml\dom\expatbuilder.py", line 220, in parseString
xml.parsers.expat.ExpatError: not well-formed (invalid token): line 1, column 30
2025-07-16 14:43:48,296 [ERROR] CLI error: not well-formed (invalid token): line 1, column 30
Traceback (most recent call last):
  File "src\ui\cli_ui.py", line 488, in run
  File "src\ui\cli_ui.py", line 466, in get_prompt_text
  File "prompt_toolkit\formatted_text\html.py", line 35, in __init__
  File "xml\dom\minidom.py", line 2000, in parseString
  File "xml\dom\expatbuilder.py", line 922, in parseString
  File "xml\dom\expatbuilder.py", line 220, in parseString
xml.parsers.expat.ExpatError: not well-formed (invalid token): line 1, column 30
2025-07-16 14:43:48,404 [ERROR] CLI error: not well-formed (invalid token): line 1, column 30
Traceback (most recent call last):
  File "src\ui\cli_ui.py", line 488, in run
  File "src\ui\cli_ui.py", line 466, in get_prompt_text
  File "prompt_toolkit\formatted_text\html.py", line 35, in __init__
  File "xml\dom\minidom.py", line 2000, in parseString
  File "xml\dom\expatbuilder.py", line 922, in parseString
  File "xml\dom\expatbuilder.py", line 220, in parseString
xml.parsers.expat.ExpatError: not well-formed (invalid token): line 1, column 30
